<html>
<head>
<title>TestNG:  EdgeTest</title>
<link href="../testng.css" rel="stylesheet" type="text/css" />
<link href="../my-testng.css" rel="stylesheet" type="text/css" />

<style type="text/css">
.log { display: none;} 
.stack-trace { display: none;} 
</style>
<script type="text/javascript">
<!--
function flip(e) {
  current = e.style.display;
  if (current == 'block') {
    e.style.display = 'none';
    return 0;
  }
  else {
    e.style.display = 'block';
    return 1;
  }
}

function toggleBox(szDivId, elem, msg1, msg2)
{
  var res = -1;  if (document.getElementById) {
    res = flip(document.getElementById(szDivId));
  }
  else if (document.all) {
    // this is the way old msie versions work
    res = flip(document.all[szDivId]);
  }
  if(elem) {
    if(res == 0) elem.innerHTML = msg1; else elem.innerHTML = msg2;
  }

}

function toggleAllBoxes() {
  if (document.getElementsByTagName) {
    d = document.getElementsByTagName('div');
    for (i = 0; i < d.length; i++) {
      if (d[i].className == 'log') {
        flip(d[i]);
      }
    }
  }
}

// -->
</script>

</head>
<body>
<h2 align='center'>EdgeTest</h2><table border='1' align="center">
<tr>
<td>Tests passed/Failed/Skipped:</td><td>17/0/1</td>
</tr><tr>
<td>Started on:</td><td>Sun Aug 04 13:27:17 IST 2024</td>
</tr>
<tr><td>Total time:</td><td>289 seconds (289115 ms)</td>
</tr><tr>
<td>Included groups:</td><td></td>
</tr><tr>
<td>Excluded groups:</td><td></td>
</tr>
</table><p/>
<small><i>(Hover the method name to see the test class name)</i></small><p/>
<table width='100%' border='1' class='invocation-passed'>
<tr><td colspan='4' align='center'><b>PASSED TESTS</b></td></tr>
<tr><td><b>Test method</b></td>
<td><b>Attribute(s)</b></td>
<td width="30%"><b>Exception</b></td>
<td width="10%"><b>Time (seconds)</b></td>
<td><b>Instance</b></td>
</tr>
<tr>
<td title='testClasses.ClientTestClass.verifyResetButtonIsWorkingOrNot()'><b>verifyResetButtonIsWorkingOrNot</b><br>Test class: testClasses.ClientTestClass</td>
<td></td>
<td>6</td>
<td>testClasses.ClientTestClass@21d03963</td></tr>
<tr>
<td title='testClasses.DeductionTestClass.verifyViewButtonClickOpensProfileViewPage()'><b>verifyViewButtonClickOpensProfileViewPage</b><br>Test class: testClasses.DeductionTestClass</td>
<td></td>
<td>4</td>
<td>testClasses.DeductionTestClass@536dbea0</td></tr>
<tr>
<td title='testClasses.LoginTestClass.verifyCheckBoxRememberMeIsSelectedOrNot()'><b>verifyCheckBoxRememberMeIsSelectedOrNot</b><br>Test class: testClasses.LoginTestClass</td>
<td></td>
<td>0</td>
<td>testClasses.LoginTestClass@1f760b47</td></tr>
<tr>
<td title='testClasses.LoginTestClass.verifyUnsuccessfulLogin()'><b>verifyUnsuccessfulLogin</b><br>Test class: testClasses.LoginTestClass<br>Parameters: carl, 1q2w3e4r</td>
<td></td>
<td>1</td>
<td>testClasses.LoginTestClass@1f760b47</td></tr>
<tr>
<td title='testClasses.PasswordResetTestClass.verifyCancelButtonClickRedirectToLoginPageOrNot()'><b>verifyCancelButtonClickRedirectToLoginPageOrNot</b><br>Test class: testClasses.PasswordResetTestClass</td>
<td></td>
<td>1</td>
<td>testClasses.PasswordResetTestClass@47c81abf</td></tr>
<tr>
<td title='testClasses.LoginTestClass.verifyTheForgetPasswordResetCliksDirectedToCorrectPageOrNot()'><b>verifyTheForgetPasswordResetCliksDirectedToCorrectPageOrNot</b><br>Test class: testClasses.LoginTestClass</td>
<td></td>
<td>0</td>
<td>testClasses.LoginTestClass@1f760b47</td></tr>
<tr>
<td title='testClasses.PasswordResetTestClass.verifyEmailIsNotAValidEmailAddress()'><b>verifyEmailIsNotAValidEmailAddress</b><br>Test class: testClasses.PasswordResetTestClass</td>
<td></td>
<td>1</td>
<td>testClasses.PasswordResetTestClass@47c81abf</td></tr>
<tr>
<td title='testClasses.LoginTestClass.verifyUnsuccessfulLogin()'><b>verifyUnsuccessfulLogin</b><br>Test class: testClasses.LoginTestClass<br>Parameters: carol, admin</td>
<td></td>
<td>1</td>
<td>testClasses.LoginTestClass@1f760b47</td></tr>
<tr>
<td title='testClasses.ClientTestClass.verifySuccessfullSearchUsingClientId()'><b>verifySuccessfullSearchUsingClientId</b><br>Test class: testClasses.ClientTestClass</td>
<td></td>
<td>5</td>
<td>testClasses.ClientTestClass@21d03963</td></tr>
<tr>
<td title='testClasses.LoginTestClass.verifySuccessfullLogin()'><b>verifySuccessfullLogin</b><br>Test class: testClasses.LoginTestClass</td>
<td></td>
<td>2</td>
<td>testClasses.LoginTestClass@1f760b47</td></tr>
<tr>
<td title='testClasses.PasswordResetTestClass.verifyIncorrectMailIdSubmitShowsThereIsNoUserWithThisEmail()'><b>verifyIncorrectMailIdSubmitShowsThereIsNoUserWithThisEmail</b><br>Test class: testClasses.PasswordResetTestClass</td>
<td></td>
<td>1</td>
<td>testClasses.PasswordResetTestClass@47c81abf</td></tr>
<tr>
<td title='testClasses.LoginTestClass.verifyUnsuccessfulLogin()'><b>verifyUnsuccessfulLogin</b><br>Test class: testClasses.LoginTestClass<br>Parameters: admin, admin123</td>
<td></td>
<td>1</td>
<td>testClasses.LoginTestClass@1f760b47</td></tr>
<tr>
<td title='testClasses.LoginTestClass.verifyTheExpectedPageIsOpenWhileHittingTheURL()'><b>verifyTheExpectedPageIsOpenWhileHittingTheURL</b><br>Test class: testClasses.LoginTestClass</td>
<td></td>
<td>0</td>
<td>testClasses.LoginTestClass@1f760b47</td></tr>
<tr>
<td title='testClasses.DeductionTestClass.searchAWorkerIsVisibleOrNotInTheList()'><b>searchAWorkerIsVisibleOrNotInTheList</b><br>Test class: testClasses.DeductionTestClass</td>
<td></td>
<td>16</td>
<td>testClasses.DeductionTestClass@536dbea0</td></tr>
<tr>
<td title='testClasses.PasswordResetTestClass.verifyEmailCannotBeBlankMessageShowsWhenClikngSendButton()'><b>verifyEmailCannotBeBlankMessageShowsWhenClikngSendButton</b><br>Test class: testClasses.PasswordResetTestClass</td>
<td></td>
<td>2</td>
<td>testClasses.PasswordResetTestClass@47c81abf</td></tr>
<tr>
<td title='testClasses.AddDeductionTestClass.addDeductionSuccesfuly()'><b>addDeductionSuccesfuly</b><br>Test class: testClasses.AddDeductionTestClass</td>
<td></td>
<td>8</td>
<td>testClasses.AddDeductionTestClass@776a6d9b</td></tr>
<tr>
<td title='testClasses.ClientTestClass.verifyUnSuccessfullSearchUsingClentId()'><b>verifyUnSuccessfullSearchUsingClentId</b><br>Test class: testClasses.ClientTestClass</td>
<td></td>
<td>4</td>
<td>testClasses.ClientTestClass@21d03963</td></tr>
</table><p>
<table width='100%' border='1' class='invocation-skipped'>
<tr><td colspan='4' align='center'><b>SKIPPED TESTS</b></td></tr>
<tr><td><b>Test method</b></td>
<td><b>Attribute(s)</b></td>
<td width="30%"><b>Exception</b></td>
<td width="10%"><b>Time (seconds)</b></td>
<td><b>Instance</b></td>
</tr>
<tr>
<td title='testClasses.AddDeductionTestClass.addDeductionSuccesfuly()'><b>addDeductionSuccesfuly</b><br>Test class: testClasses.AddDeductionTestClass</td>
<td><div><pre>org.openqa.selenium.TimeoutException: Expected condition failed: waiting for visibility of element located by By.xpath: (//table[@id=&apos;w0&apos;]//tbody//tr//td[1])[1] (tried for 5 second(s) with 500 milliseconds interval)
Build info: version: &apos;4.18.1&apos;, revision: &apos;b1d3319b48&apos;
System info: os.name: &apos;Windows 11&apos;, os.arch: &apos;amd64&apos;, os.version: &apos;10.0&apos;, java.version: &apos;17.0.10&apos;
Driver info: org.openqa.selenium.edge.EdgeDriver
Capabilities {acceptInsecureCerts: false, browserName: MicrosoftEdge, browserVersion: 127.0.2651.86, fedcm:accounts: true, ms:edgeOptions: {debuggerAddress: localhost:52063}, msedge: {msedgedriverVersion: 127.0.2651.86 (ac31d8b82969..., userDataDir: C:\Users\iamha\AppData\Loca...}, networkConnectionEnabled: false, pageLoadStrategy: normal, platformName: windows, proxy: Proxy(), se:cdp: ws://localhost:52063/devtoo..., se:cdpVersion: 127.0.2651.86, setWindowRect: true, strictFileInteractability: false, timeouts: {implicit: 0, pageLoad: 300000, script: 30000}, unhandledPromptBehavior: dismiss and notify, webauthn:extension:credBlob: true, webauthn:extension:largeBlob: true, webauthn:extension:minPinLength: true, webauthn:extension:prf: true, webauthn:virtualAuthenticators: true}
Session ID: c2bf2bc239e4bbb3546414cfc6391d8d
	at org.openqa.selenium.support.ui.WebDriverWait.timeoutException(WebDriverWait.java:84)
	at org.openqa.selenium.support.ui.FluentWait.until(FluentWait.java:228)
	at utilities.ExplicitWaitClass.visibilityOfElementLocatedXpath(ExplicitWaitClass.java:42)
	at pageClasses.AddDeductionViewPageClass.getTextFromDeductionAddedViewPage(AddDeductionViewPageClass.java:28)
	at testClasses.AddDeductionTestClass.addDeductionSuccesfuly(AddDeductionTestClass.java:40)
	at java.base/java.util.ArrayList.forEach(ArrayList.java:1511)
	at java.base/java.util.concurrent.FutureTask.run(FutureTask.java:264)
	at java.base/java.util.concurrent.ThreadPoolExecutor.runWorker(ThreadPoolExecutor.java:1136)
	at java.base/java.util.concurrent.ThreadPoolExecutor$Worker.run(ThreadPoolExecutor.java:635)
	at java.base/java.lang.Thread.run(Thread.java:842)
... Removed 17 stack frames</pre></div><a href='#' onClick='toggleBox("stack-trace825271990", this, "Click to show all stack frames", "Click to hide stack frames")'>Click to show all stack frames</a>
<div class='stack-trace' id='stack-trace825271990'><pre>org.openqa.selenium.TimeoutException: Expected condition failed: waiting for visibility of element located by By.xpath: (//table[@id=&apos;w0&apos;]//tbody//tr//td[1])[1] (tried for 5 second(s) with 500 milliseconds interval)
Build info: version: &apos;4.18.1&apos;, revision: &apos;b1d3319b48&apos;
System info: os.name: &apos;Windows 11&apos;, os.arch: &apos;amd64&apos;, os.version: &apos;10.0&apos;, java.version: &apos;17.0.10&apos;
Driver info: org.openqa.selenium.edge.EdgeDriver
Capabilities {acceptInsecureCerts: false, browserName: MicrosoftEdge, browserVersion: 127.0.2651.86, fedcm:accounts: true, ms:edgeOptions: {debuggerAddress: localhost:52063}, msedge: {msedgedriverVersion: 127.0.2651.86 (ac31d8b82969..., userDataDir: C:\Users\iamha\AppData\Loca...}, networkConnectionEnabled: false, pageLoadStrategy: normal, platformName: windows, proxy: Proxy(), se:cdp: ws://localhost:52063/devtoo..., se:cdpVersion: 127.0.2651.86, setWindowRect: true, strictFileInteractability: false, timeouts: {implicit: 0, pageLoad: 300000, script: 30000}, unhandledPromptBehavior: dismiss and notify, webauthn:extension:credBlob: true, webauthn:extension:largeBlob: true, webauthn:extension:minPinLength: true, webauthn:extension:prf: true, webauthn:virtualAuthenticators: true}
Session ID: c2bf2bc239e4bbb3546414cfc6391d8d
	at org.openqa.selenium.support.ui.WebDriverWait.timeoutException(WebDriverWait.java:84)
	at org.openqa.selenium.support.ui.FluentWait.until(FluentWait.java:228)
	at utilities.ExplicitWaitClass.visibilityOfElementLocatedXpath(ExplicitWaitClass.java:42)
	at pageClasses.AddDeductionViewPageClass.getTextFromDeductionAddedViewPage(AddDeductionViewPageClass.java:28)
	at testClasses.AddDeductionTestClass.addDeductionSuccesfuly(AddDeductionTestClass.java:40)
	at java.base/jdk.internal.reflect.NativeMethodAccessorImpl.invoke0(Native Method)
	at java.base/jdk.internal.reflect.NativeMethodAccessorImpl.invoke(NativeMethodAccessorImpl.java:77)
	at java.base/jdk.internal.reflect.DelegatingMethodAccessorImpl.invoke(DelegatingMethodAccessorImpl.java:43)
	at java.base/java.lang.reflect.Method.invoke(Method.java:568)
	at org.testng.internal.invokers.MethodInvocationHelper.invokeMethod(MethodInvocationHelper.java:139)
	at org.testng.internal.invokers.TestInvoker.invokeMethod(TestInvoker.java:677)
	at org.testng.internal.invokers.TestInvoker.invokeTestMethod(TestInvoker.java:221)
	at org.testng.internal.invokers.MethodRunner.runInSequence(MethodRunner.java:50)
	at org.testng.internal.invokers.TestInvoker$MethodInvocationAgent.invoke(TestInvoker.java:969)
	at org.testng.internal.invokers.TestInvoker.invokeTestMethods(TestInvoker.java:194)
	at org.testng.internal.invokers.TestMethodWorker.invokeTestMethods(TestMethodWorker.java:148)
	at org.testng.internal.invokers.TestMethodWorker.run(TestMethodWorker.java:128)
	at java.base/java.util.ArrayList.forEach(ArrayList.java:1511)
	at org.testng.TestRunner.privateRun(TestRunner.java:829)
	at org.testng.TestRunner.run(TestRunner.java:602)
	at org.testng.SuiteRunner.runTest(SuiteRunner.java:437)
	at org.testng.SuiteRunner$SuiteWorker.run(SuiteRunner.java:475)
	at org.testng.internal.thread.ThreadUtil.lambda$execute$0(ThreadUtil.java:58)
	at java.base/java.util.concurrent.FutureTask.run(FutureTask.java:264)
	at java.base/java.util.concurrent.ThreadPoolExecutor.runWorker(ThreadPoolExecutor.java:1136)
	at java.base/java.util.concurrent.ThreadPoolExecutor$Worker.run(ThreadPoolExecutor.java:635)
	at java.base/java.lang.Thread.run(Thread.java:842)
</pre></div></td>
<td>15</td>
<td>testClasses.AddDeductionTestClass@776a6d9b</td></tr>
</table><p>
</body>
</html>